c:\users\student\desktop\assignment2\egp-410-master\gameai\steering\debug\vc140.pdb
c:\users\student\desktop\assignment2\egp-410-master\gameai\steering\debug\vc140.idb
c:\users\student\desktop\assignment2\egp-410-master\gameai\steering\debug\graphicsbuffer.obj
c:\users\student\desktop\assignment2\egp-410-master\gameai\steering\debug\graphicsbuffermanager.obj
c:\users\student\desktop\assignment2\egp-410-master\gameai\steering\debug\graphicssystem.obj
c:\users\student\desktop\assignment2\egp-410-master\gameai\steering\debug\hitbox.obj
c:\users\student\desktop\assignment2\egp-410-master\gameai\steering\debug\inputmanager.obj
c:\users\student\desktop\assignment2\egp-410-master\gameai\steering\debug\kinematic.obj
c:\users\student\desktop\assignment2\egp-410-master\gameai\steering\debug\kinematicarrivesteering.obj
c:\users\student\desktop\assignment2\egp-410-master\gameai\steering\debug\kinematicseeksteering.obj
c:\users\student\desktop\assignment2\egp-410-master\gameai\steering\debug\kinematicunit.obj
c:\users\student\desktop\assignment2\egp-410-master\gameai\steering\debug\kinematicwandersteering.obj
c:\users\student\desktop\assignment2\egp-410-master\gameai\steering\debug\main.obj
c:\users\student\desktop\assignment2\egp-410-master\gameai\steering\debug\playermovetomessage.obj
c:\users\student\desktop\assignment2\egp-410-master\gameai\steering\debug\sprite.obj
c:\users\student\desktop\assignment2\egp-410-master\gameai\steering\debug\spritemanager.obj
c:\users\student\desktop\assignment2\egp-410-master\gameai\steering\debug\statemanager.obj
c:\users\student\desktop\assignment2\egp-410-master\gameai\steering\debug\steering.obj
c:\users\student\desktop\assignment2\egp-410-master\gameai\steering\debug\unitmanager.obj
c:\users\student\desktop\assignment2\egp-410-master\gameai\steering\debug\wall.obj
c:\users\student\desktop\assignment2\egp-410-master\gameai\steering\debug\wallmanager.obj
c:\users\student\desktop\assignment2\egp-410-master\gameai\steering\debug\wanderandseeksteering.obj
c:\users\student\desktop\assignment2\egp-410-master\gameai\steering\debug\adddynamicarriveaimessage.obj
c:\users\student\desktop\assignment2\egp-410-master\gameai\steering\debug\adddynamicseekaimessage.obj
c:\users\student\desktop\assignment2\egp-410-master\gameai\steering\debug\addwanderandfleeaimessage.obj
c:\users\student\desktop\assignment2\egp-410-master\gameai\steering\debug\addwanderandseekaimessage.obj
c:\users\student\desktop\assignment2\egp-410-master\gameai\steering\debug\collisionavoidancesteering.obj
c:\users\student\desktop\assignment2\egp-410-master\gameai\steering\debug\deleterandomaimessage.obj
c:\users\student\desktop\assignment2\egp-410-master\gameai\steering\debug\dynamicarrivesteering.obj
c:\users\student\desktop\assignment2\egp-410-master\gameai\steering\debug\dynamicseeksteering.obj
c:\users\student\desktop\assignment2\egp-410-master\gameai\steering\debug\exitgamemessage.obj
c:\users\student\desktop\assignment2\egp-410-master\gameai\steering\debug\game.obj
c:\users\student\desktop\assignment2\egp-410-master\gameai\steering\debug\gamemessage.obj
c:\users\student\desktop\assignment2\egp-410-master\gameai\steering\debug\gamemessagemanager.obj
c:\users\student\desktop\egp-410\gameai\steering\debug\vc140.pdb
c:\users\student\desktop\egp-410\gameai\steering\debug\vc140.idb
c:\users\student\desktop\egp-410\gameai\steering\debug\graphicsbuffer.obj
c:\users\student\desktop\egp-410\gameai\steering\debug\graphicsbuffermanager.obj
c:\users\student\desktop\egp-410\gameai\steering\debug\graphicssystem.obj
c:\users\student\desktop\egp-410\gameai\steering\debug\hitbox.obj
c:\users\student\desktop\egp-410\gameai\steering\debug\inputmanager.obj
c:\users\student\desktop\egp-410\gameai\steering\debug\kinematic.obj
c:\users\student\desktop\egp-410\gameai\steering\debug\kinematicarrivesteering.obj
c:\users\student\desktop\egp-410\gameai\steering\debug\kinematicseeksteering.obj
c:\users\student\desktop\egp-410\gameai\steering\debug\kinematicunit.obj
c:\users\student\desktop\egp-410\gameai\steering\debug\kinematicwandersteering.obj
c:\users\student\desktop\egp-410\gameai\steering\debug\main.obj
c:\users\student\desktop\egp-410\gameai\steering\debug\playermovetomessage.obj
c:\users\student\desktop\egp-410\gameai\steering\debug\sprite.obj
c:\users\student\desktop\egp-410\gameai\steering\debug\spritemanager.obj
c:\users\student\desktop\egp-410\gameai\steering\debug\statemanager.obj
c:\users\student\desktop\egp-410\gameai\steering\debug\steering.obj
c:\users\student\desktop\egp-410\gameai\steering\debug\unitmanager.obj
c:\users\student\desktop\egp-410\gameai\steering\debug\wall.obj
c:\users\student\desktop\egp-410\gameai\steering\debug\wallmanager.obj
c:\users\student\desktop\egp-410\gameai\steering\debug\wanderandseeksteering.obj
c:\users\student\desktop\egp-410\gameai\steering\debug\adddynamicarriveaimessage.obj
c:\users\student\desktop\egp-410\gameai\steering\debug\adddynamicseekaimessage.obj
c:\users\student\desktop\egp-410\gameai\steering\debug\addwanderandfleeaimessage.obj
c:\users\student\desktop\egp-410\gameai\steering\debug\addwanderandseekaimessage.obj
c:\users\student\desktop\egp-410\gameai\steering\debug\collisionavoidancesteering.obj
c:\users\student\desktop\egp-410\gameai\steering\debug\deleterandomaimessage.obj
c:\users\student\desktop\egp-410\gameai\steering\debug\dynamicarrivesteering.obj
c:\users\student\desktop\egp-410\gameai\steering\debug\dynamicseeksteering.obj
c:\users\student\desktop\egp-410\gameai\steering\debug\exitgamemessage.obj
c:\users\student\desktop\egp-410\gameai\steering\debug\game.obj
c:\users\student\desktop\egp-410\gameai\steering\debug\gamemessage.obj
c:\users\student\desktop\egp-410\gameai\steering\debug\gamemessagemanager.obj
c:\users\student\desktop\assignment2\egp-410-master\gameai\steering\debug\steering.ilk
c:\users\student\desktop\assignment2\egp-410-master\gameai\steering\debug\steering.exe
c:\users\student\desktop\assignment2\egp-410-master\gameai\steering\debug\steering.pdb
c:\users\student\desktop\egp-410\gameai\steering\debug\steering.ilk
c:\users\student\desktop\egp-410\gameai\steering\debug\steering.exe
c:\users\student\desktop\egp-410\gameai\steering\debug\steering.pdb
c:\users\student\desktop\egp-410\gameai\steering\debug\vc120.idb
c:\users\student\desktop\egp-410\gameai\steering\debug\vc120.pdb
c:\users\student\desktop\egp-410\gameai\steering\debug\steering.tlog\cl.command.1.tlog
c:\users\student\desktop\egp-410\gameai\steering\debug\steering.tlog\cl.read.1.tlog
c:\users\student\desktop\egp-410\gameai\steering\debug\steering.tlog\cl.write.1.tlog
c:\users\student\desktop\egp-410\gameai\steering\debug\steering.tlog\link.command.1.tlog
c:\users\student\desktop\egp-410\gameai\steering\debug\steering.tlog\link.read.1.tlog
c:\users\student\desktop\egp-410\gameai\steering\debug\steering.tlog\link.write.1.tlog
